11:50:54.950 [main] DEBUG org.apache.poi.openxml4j.opc.PackageRelationshipCollection - Parsing relationship: /xl/_rels/workbook.xml.rels
11:50:54.952 [main] DEBUG org.apache.poi.openxml4j.opc.PackageRelationshipCollection - Parsing relationship: /xl/worksheets/_rels/sheet1.xml.rels
11:50:54.952 [main] DEBUG org.apache.poi.openxml4j.opc.PackageRelationshipCollection - Parsing relationship: /_rels/.rels
11:50:54.957 [main] DEBUG org.apache.poi.ooxml.POIXMLFactory - using default POIXMLDocumentPart for http://schemas.microsoft.com/office/2017/10/relationships/person
11:50:54.964 [main] INFO  testCases.TC003_LoginDDT - **Starting TC003_LoginDDT**
11:50:55.455 [main] INFO  testCases.TC003_LoginDDT - Setting user details
11:50:55.640 [main] INFO  testCases.TC003_LoginDDT - Logging into account...
11:50:56.741 [main] INFO  testCases.TC003_LoginDDT - Logging out of account...
11:51:00.419 [main] INFO  testCases.TC003_LoginDDT - **Finished TC003_LoginDDT**
11:51:00.421 [main] INFO  testCases.TC003_LoginDDT - **Starting TC003_LoginDDT**
11:51:00.904 [main] INFO  testCases.TC003_LoginDDT - Setting user details
11:51:01.096 [main] INFO  testCases.TC003_LoginDDT - Logging into account...
11:55:22.107 [main] DEBUG org.testng.TestNG - suiteXmlPath: "C:\Users\s2sha\OneDrive\Desktop\JavaProjWorkSpc\OpenCartV121\grid-docker.xml"
11:55:22.505 [main] INFO  org.testng.internal.Utils - [TestNG] Running:
  C:\Users\s2sha\OneDrive\Desktop\JavaProjWorkSpc\OpenCartV121\grid-docker.xml

11:55:26.603 [main] INFO  testCases.TC001_AccountRegistrationTest - **Starting TC001_AccountRegistrationTest**
11:55:26.737 [main] INFO  testCases.TC001_AccountRegistrationTest - Clicked on MyAccount link
11:55:27.443 [main] INFO  testCases.TC001_AccountRegistrationTest - Clicked on Register link
11:55:27.445 [main] INFO  testCases.TC001_AccountRegistrationTest - Providing Customer details...
11:55:29.015 [main] INFO  testCases.TC001_AccountRegistrationTest - Validating expected message...
11:55:29.087 [main] INFO  testCases.TC001_AccountRegistrationTest - **Finished TC001_AccountRegistrationTest**
11:55:32.119 [main] INFO  testCases.TC002_LoginTest - **Starting TC002_LoginTest**
11:55:32.637 [main] INFO  testCases.TC002_LoginTest - Setting user details
11:55:34.013 [main] INFO  testCases.TC002_LoginTest - **Finished TC002_LoginTest**
11:55:40.381 [main] INFO  testCases.TC001_AccountRegistrationTest - **Starting TC001_AccountRegistrationTest**
11:55:40.641 [main] INFO  testCases.TC001_AccountRegistrationTest - Clicked on MyAccount link
11:55:41.332 [main] INFO  testCases.TC001_AccountRegistrationTest - Clicked on Register link
11:55:41.332 [main] INFO  testCases.TC001_AccountRegistrationTest - Providing Customer details...
11:55:42.818 [main] INFO  testCases.TC001_AccountRegistrationTest - Validating expected message...
11:55:42.852 [main] INFO  testCases.TC001_AccountRegistrationTest - **Finished TC001_AccountRegistrationTest**
11:55:48.535 [main] INFO  testCases.TC002_LoginTest - **Starting TC002_LoginTest**
11:55:49.184 [main] INFO  testCases.TC002_LoginTest - Setting user details
11:55:50.371 [main] INFO  testCases.TC002_LoginTest - **Finished TC002_LoginTest**
11:56:00.527 [main] DEBUG org.testng.TestNG - suiteXmlPath: "C:\Users\s2sha\OneDrive\Desktop\JavaProjWorkSpc\OpenCartV121\grid-docker.xml"
11:56:00.890 [main] INFO  org.testng.internal.Utils - [TestNG] Running:
  C:\Users\s2sha\OneDrive\Desktop\JavaProjWorkSpc\OpenCartV121\grid-docker.xml

11:56:04.443 [main] INFO  testCases.TC001_AccountRegistrationTest - **Starting TC001_AccountRegistrationTest**
11:56:04.541 [main] INFO  testCases.TC001_AccountRegistrationTest - Clicked on MyAccount link
11:56:05.271 [main] INFO  testCases.TC001_AccountRegistrationTest - Clicked on Register link
11:56:05.272 [main] INFO  testCases.TC001_AccountRegistrationTest - Providing Customer details...
11:56:06.896 [main] INFO  testCases.TC001_AccountRegistrationTest - Validating expected message...
11:56:06.957 [main] INFO  testCases.TC001_AccountRegistrationTest - **Finished TC001_AccountRegistrationTest**
11:56:10.053 [main] INFO  testCases.TC002_LoginTest - **Starting TC002_LoginTest**
11:56:10.558 [main] INFO  testCases.TC002_LoginTest - Setting user details
11:56:11.852 [main] INFO  testCases.TC002_LoginTest - **Finished TC002_LoginTest**
11:56:17.287 [main] INFO  testCases.TC001_AccountRegistrationTest - **Starting TC001_AccountRegistrationTest**
11:56:17.558 [main] INFO  testCases.TC001_AccountRegistrationTest - Clicked on MyAccount link
11:56:18.237 [main] INFO  testCases.TC001_AccountRegistrationTest - Clicked on Register link
11:56:18.238 [main] INFO  testCases.TC001_AccountRegistrationTest - Providing Customer details...
11:56:19.603 [main] INFO  testCases.TC001_AccountRegistrationTest - Validating expected message...
11:56:19.647 [main] INFO  testCases.TC001_AccountRegistrationTest - **Finished TC001_AccountRegistrationTest**
11:56:25.005 [main] INFO  testCases.TC002_LoginTest - **Starting TC002_LoginTest**
