22:42:43.072 [main] DEBUG org.apache.hc.client5.http.impl.classic.InternalHttpClient - ep-0000000001 releasing valid endpoint
22:42:43.073 [main] DEBUG org.apache.hc.client5.http.impl.io.PoolingHttpClientConnectionManager - ep-0000000001 releasing endpoint
22:42:43.073 [main] DEBUG org.apache.hc.client5.http.impl.io.PoolingHttpClientConnectionManager - ep-0000000001 connection http-outgoing-0 can be kept alive for 3 MINUTES
22:42:43.074 [main] DEBUG org.apache.hc.client5.http.impl.io.PoolingHttpClientConnectionManager - ep-0000000001 connection released [route: {s}->https://raw.githubusercontent.com:443][total available: 1; route allocated: 1 of 5; total allocated: 1 of 25]
22:42:43.074 [main] DEBUG io.github.bonigarcia.wdm.versions.VersionDetector - Detecting chrome version using online commands.properties
22:42:43.076 [main] DEBUG io.github.bonigarcia.wdm.versions.Shell - Running command on the shell: [cmd.exe, /C, wmic, datafile, where, name="%PROGRAMFILES:\=\\%\\Google\\Chrome\\Application\\chrome.exe", get, Version, /value]
22:42:43.166 [main] DEBUG io.github.bonigarcia.wdm.versions.Shell - Result: Version=128.0.6613.138
22:42:43.167 [main] DEBUG io.github.bonigarcia.wdm.cache.ResolutionCache - Resolution chrome128=128.0.6613.137 in cache (valid until 12:17:30 15/09/2024 EDT)
22:42:43.167 [main] INFO  io.github.bonigarcia.wdm.WebDriverManager - Using chromedriver 128.0.6613.137 (resolved driver for Chrome 128)
22:42:43.169 [main] DEBUG io.github.bonigarcia.wdm.cache.ResolutionCache - Storing resolution chrome=128 in cache (valid until 23:42:43 14/09/2024 EDT)
22:42:43.205 [main] DEBUG io.github.bonigarcia.wdm.WebDriverManager - Driver chromedriver 128.0.6613.137 found in cache
22:42:43.206 [main] INFO  io.github.bonigarcia.wdm.WebDriverManager - Exporting webdriver.chrome.driver as C:\Users\s2sha\.cache\selenium\chromedriver\win64\128.0.6613.137\chromedriver.exe
22:42:46.128 [main] INFO  testCases.TC006_E2ETest - **Starting TC006_E2ETest**
22:42:46.140 [main] INFO  testCases.TC006_E2ETest - Clicking on 'Phones & PDAs' button...
22:42:46.828 [main] INFO  testCases.TC006_E2ETest - Verify the landing page...
22:42:46.828 [main] INFO  testCases.TC006_E2ETest - Counting number of results...
22:42:46.838 [main] INFO  testCases.TC006_E2ETest - Count of products returned: 3
22:42:46.838 [main] INFO  testCases.TC006_E2ETest - Scrolling into view of element...
22:42:46.852 [main] INFO  testCases.TC006_E2ETest - Clicking element...
22:42:47.788 [main] INFO  testCases.TC006_E2ETest - Clearing and setting the value for quantity...
22:42:48.875 [main] INFO  testCases.TC006_E2ETest - Adding to cart...
22:42:49.250 [main] INFO  testCases.TC006_E2ETest - Verifying the cart has been updated...
22:42:49.250 [main] INFO  testCases.TC006_E2ETest - Message: Success: You have added iPhone to your shopping cart!
×
22:42:49.250 [main] INFO  testCases.TC006_E2ETest - Clicking on cart button...
22:42:49.291 [main] INFO  testCases.TC006_E2ETest - Proceeding to checkout...
22:42:50.140 [main] INFO  testCases.TC006_E2ETest - Clicking on checkout button...
22:42:50.810 [main] INFO  testCases.TC006_E2ETest - Verify if checkout is successful or not...
22:42:50.855 [main] INFO  testCases.TC006_E2ETest - Message: Products marked with *** are not available in the desired quantity or not in stock!
×
23:27:02.164 [main] DEBUG org.testng.TestNG - suiteXmlPath: "C:\Users\s2sha\OneDrive\Desktop\JavaProjWorkSpc\OpenCartV121\master.xml"
23:27:02.491 [main] INFO  org.testng.internal.Utils - [TestNG] Running:
  C:\Users\s2sha\OneDrive\Desktop\JavaProjWorkSpc\OpenCartV121\master.xml

23:27:03.992 [main] DEBUG io.github.bonigarcia.wdm.WebDriverManager - Using WebDriverManager 5.9.2
23:27:04.176 [main] DEBUG io.github.bonigarcia.wdm.cache.ResolutionCache - Resolution chrome=128 in cache (valid until 23:42:43 14/09/2024 EDT)
23:27:04.177 [main] DEBUG io.github.bonigarcia.wdm.cache.ResolutionCache - Resolution chrome128=128.0.6613.137 in cache (valid until 12:17:30 15/09/2024 EDT)
23:27:04.178 [main] INFO  io.github.bonigarcia.wdm.WebDriverManager - Using chromedriver 128.0.6613.137 (resolved driver for Chrome 128)
23:27:04.210 [main] DEBUG io.github.bonigarcia.wdm.WebDriverManager - Driver chromedriver 128.0.6613.137 found in cache
23:27:04.211 [main] INFO  io.github.bonigarcia.wdm.WebDriverManager - Exporting webdriver.chrome.driver as C:\Users\s2sha\.cache\selenium\chromedriver\win64\128.0.6613.137\chromedriver.exe
23:27:06.789 [main] INFO  testCases.TC006_E2ETest - **Starting TC006_E2ETest**
23:27:06.805 [main] INFO  testCases.TC006_E2ETest - Clicking on 'Phones & PDAs' button...
23:27:07.470 [main] INFO  testCases.TC006_E2ETest - Verify the landing page...
23:27:07.470 [main] INFO  testCases.TC006_E2ETest - Counting number of results...
23:27:07.481 [main] INFO  testCases.TC006_E2ETest - Count of products returned: 3
23:27:07.481 [main] INFO  testCases.TC006_E2ETest - Scrolling into view of element...
23:27:07.495 [main] INFO  testCases.TC006_E2ETest - Clicking element...
