14:50:30.190 [main] DEBUG io.github.bonigarcia.wdm.WebDriverManager - Using WebDriverManager 5.9.2
14:50:30.366 [main] DEBUG io.github.bonigarcia.wdm.cache.ResolutionCache - Resolution chrome=128 in cache (valid until 15:42:29 08/09/2024 EDT)
14:50:30.368 [main] DEBUG io.github.bonigarcia.wdm.cache.ResolutionCache - Resolution chrome128=128.0.6613.119 in cache (valid until 12:37:31 09/09/2024 EDT)
14:50:30.369 [main] INFO  io.github.bonigarcia.wdm.WebDriverManager - Using chromedriver 128.0.6613.119 (resolved driver for Chrome 128)
14:50:30.405 [main] DEBUG io.github.bonigarcia.wdm.WebDriverManager - Driver chromedriver 128.0.6613.119 found in cache
14:50:30.408 [main] INFO  io.github.bonigarcia.wdm.WebDriverManager - Exporting webdriver.chrome.driver as C:\Users\s2sha\.cache\selenium\chromedriver\win64\128.0.6613.119\chromedriver.exe
14:51:42.047 [main] DEBUG org.testng.TestNG - suiteXmlPath: "C:\Users\s2sha\OneDrive\Desktop\JavaProjWorkSpc\OpenCartV121\master.xml"
14:51:42.364 [main] INFO  org.testng.internal.Utils - [TestNG] Running:
  C:\Users\s2sha\OneDrive\Desktop\JavaProjWorkSpc\OpenCartV121\master.xml

14:51:43.723 [main] DEBUG io.github.bonigarcia.wdm.WebDriverManager - Using WebDriverManager 5.9.2
14:51:43.896 [main] DEBUG io.github.bonigarcia.wdm.cache.ResolutionCache - Resolution chrome=128 in cache (valid until 15:42:29 08/09/2024 EDT)
14:51:43.898 [main] DEBUG io.github.bonigarcia.wdm.cache.ResolutionCache - Resolution chrome128=128.0.6613.119 in cache (valid until 12:37:31 09/09/2024 EDT)
14:51:43.898 [main] INFO  io.github.bonigarcia.wdm.WebDriverManager - Using chromedriver 128.0.6613.119 (resolved driver for Chrome 128)
14:51:43.925 [main] DEBUG io.github.bonigarcia.wdm.WebDriverManager - Driver chromedriver 128.0.6613.119 found in cache
14:51:43.926 [main] INFO  io.github.bonigarcia.wdm.WebDriverManager - Exporting webdriver.chrome.driver as C:\Users\s2sha\.cache\selenium\chromedriver\win64\128.0.6613.119\chromedriver.exe
14:51:46.556 [main] INFO  testCases.TC004_OrderHistoryTest - **Starting TC004_OrderHistoryTest**
14:51:48.053 [main] INFO  testCases.TC004_OrderHistoryTest - Clicking on 'View Order History' button...
14:51:48.480 [main] INFO  testCases.TC004_OrderHistoryTest - Verifying order contents matches...
14:54:30.216 [main] DEBUG org.testng.TestNG - suiteXmlPath: "C:\Users\s2sha\OneDrive\Desktop\JavaProjWorkSpc\OpenCartV121\master.xml"
14:54:30.562 [main] INFO  org.testng.internal.Utils - [TestNG] Running:
  C:\Users\s2sha\OneDrive\Desktop\JavaProjWorkSpc\OpenCartV121\master.xml

14:54:31.890 [main] DEBUG io.github.bonigarcia.wdm.WebDriverManager - Using WebDriverManager 5.9.2
14:54:32.052 [main] DEBUG io.github.bonigarcia.wdm.cache.ResolutionCache - Resolution chrome=128 in cache (valid until 15:42:29 08/09/2024 EDT)
14:54:32.053 [main] DEBUG io.github.bonigarcia.wdm.cache.ResolutionCache - Resolution chrome128=128.0.6613.119 in cache (valid until 12:37:31 09/09/2024 EDT)
14:54:32.053 [main] INFO  io.github.bonigarcia.wdm.WebDriverManager - Using chromedriver 128.0.6613.119 (resolved driver for Chrome 128)
14:54:32.082 [main] DEBUG io.github.bonigarcia.wdm.WebDriverManager - Driver chromedriver 128.0.6613.119 found in cache
14:54:32.084 [main] INFO  io.github.bonigarcia.wdm.WebDriverManager - Exporting webdriver.chrome.driver as C:\Users\s2sha\.cache\selenium\chromedriver\win64\128.0.6613.119\chromedriver.exe
14:54:35.008 [main] INFO  testCases.TC004_OrderHistoryTest - **Starting TC004_OrderHistoryTest**
14:54:36.659 [main] INFO  testCases.TC004_OrderHistoryTest - Clicking on 'View Order History' button...
14:54:37.114 [main] INFO  testCases.TC004_OrderHistoryTest - Verifying order contents matches...
14:54:37.135 [main] INFO  testCases.TC004_OrderHistoryTest - Logging out of account...
14:57:13.154 [main] DEBUG org.testng.TestNG - suiteXmlPath: "C:\Users\s2sha\OneDrive\Desktop\JavaProjWorkSpc\OpenCartV121\master.xml"
14:57:13.502 [main] INFO  org.testng.internal.Utils - [TestNG] Running:
  C:\Users\s2sha\OneDrive\Desktop\JavaProjWorkSpc\OpenCartV121\master.xml

14:57:14.941 [main] DEBUG io.github.bonigarcia.wdm.WebDriverManager - Using WebDriverManager 5.9.2
14:57:15.173 [main] DEBUG io.github.bonigarcia.wdm.cache.ResolutionCache - Resolution chrome=128 in cache (valid until 15:42:29 08/09/2024 EDT)
14:57:15.174 [main] DEBUG io.github.bonigarcia.wdm.cache.ResolutionCache - Resolution chrome128=128.0.6613.119 in cache (valid until 12:37:31 09/09/2024 EDT)
14:57:15.175 [main] INFO  io.github.bonigarcia.wdm.WebDriverManager - Using chromedriver 128.0.6613.119 (resolved driver for Chrome 128)
14:57:15.217 [main] DEBUG io.github.bonigarcia.wdm.WebDriverManager - Driver chromedriver 128.0.6613.119 found in cache
14:57:15.218 [main] INFO  io.github.bonigarcia.wdm.WebDriverManager - Exporting webdriver.chrome.driver as C:\Users\s2sha\.cache\selenium\chromedriver\win64\128.0.6613.119\chromedriver.exe
14:57:17.836 [main] INFO  testCases.TC004_OrderHistoryTest - **Starting TC004_OrderHistoryTest**
